Start testing: Apr 22 13:36 UTC
----------------------------------------------------------
1/5 Testing: bubblesort
1/5 Test: bubblesort
Command: "/home/pcsdocker/Data/CorsoPCS/Esercitazione5/build_debug/test_bubblesort"
Directory: /home/pcsdocker/Data/CorsoPCS/Esercitazione5/build_debug
"bubblesort" start time: Apr 22 13:36 UTC
Output:
----------------------------------------------------------
All vectors are sorted.
<end of output>
Test time =   0.11 sec
----------------------------------------------------------
Test Passed.
"bubblesort" end time: Apr 22 13:36 UTC
"bubblesort" time elapsed: 00:00:00
----------------------------------------------------------

2/5 Testing: insertionsort
2/5 Test: insertionsort
Command: "/home/pcsdocker/Data/CorsoPCS/Esercitazione5/build_debug/test_insertionsort"
Directory: /home/pcsdocker/Data/CorsoPCS/Esercitazione5/build_debug
"insertionsort" start time: Apr 22 13:36 UTC
Output:
----------------------------------------------------------
All vectors are sorted.
<end of output>
Test time =   0.03 sec
----------------------------------------------------------
Test Passed.
"insertionsort" end time: Apr 22 13:36 UTC
"insertionsort" time elapsed: 00:00:00
----------------------------------------------------------

3/5 Testing: selectionsort
3/5 Test: selectionsort
Command: "/home/pcsdocker/Data/CorsoPCS/Esercitazione5/build_debug/test_selectionsort"
Directory: /home/pcsdocker/Data/CorsoPCS/Esercitazione5/build_debug
"selectionsort" start time: Apr 22 13:36 UTC
Output:
----------------------------------------------------------
All vectors are sorted.
<end of output>
Test time =   0.05 sec
----------------------------------------------------------
Test Passed.
"selectionsort" end time: Apr 22 13:36 UTC
"selectionsort" time elapsed: 00:00:00
----------------------------------------------------------

4/5 Testing: mergesort
4/5 Test: mergesort
Command: "/home/pcsdocker/Data/CorsoPCS/Esercitazione5/build_debug/test_mergesort"
Directory: /home/pcsdocker/Data/CorsoPCS/Esercitazione5/build_debug
"mergesort" start time: Apr 22 13:36 UTC
Output:
----------------------------------------------------------
Arancia Banana Ciliegia Fragola Kiwi Mela Melone Pera Pesca Uva 
All vectors are sorted.
<end of output>
Test time =   0.03 sec
----------------------------------------------------------
Test Passed.
"mergesort" end time: Apr 22 13:36 UTC
"mergesort" time elapsed: 00:00:00
----------------------------------------------------------

5/5 Testing: quicksort
5/5 Test: quicksort
Command: "/home/pcsdocker/Data/CorsoPCS/Esercitazione5/build_debug/test_quicksort"
Directory: /home/pcsdocker/Data/CorsoPCS/Esercitazione5/build_debug
"quicksort" start time: Apr 22 13:36 UTC
Output:
----------------------------------------------------------
All vectors are sorted.
<end of output>
Test time =   0.02 sec
----------------------------------------------------------
Test Passed.
"quicksort" end time: Apr 22 13:36 UTC
"quicksort" time elapsed: 00:00:00
----------------------------------------------------------

End testing: Apr 22 13:36 UTC
